### ISSUE TITLE
EX 프리징 퀵세이브

### ISSUE THREAD

**Issue by snake7594** [snake7594/srwcb-korean-patch#26]
[Super Robot Taisen - Complete Box (Japan)_1.zip](https://github.com/user-attachments/files/31285019/Super.Robot.Taisen.-.Complete.Box.Japan._1.zip)

**Comment by snake7594** [comment]
**올려 주신 파일은 세이브스테이트가 아니라 메모리 카드(`.mcd`, 128KB)였습니다.** EX 세이브 10개(`SRWEDAT1`~`A`)와 제3차 세이브 4개가 들어 있습니다.

메모리 카드로는 게임을 그 지점부터 다시 할 수 있을 뿐이라, 제가 확인하려던 **RAM 값**(줄 폭 `[0x22D]`·왼쪽 여백 `[0x22F]`·창 사각형)은 읽을 수 없습니다. 그건 **DuckStation 의 세이브스테이트**(`시스템 > 상태 저장`, `.sav`)가 필요합니다 — 잘린 대사가 화면에 떠 있는 그 순간에 떠 주시면 됩니다.

---

## 그런데 로딩 문제는 원인을 찾았습니다 — 제 쪽 문제입니다

에뮬레이터가 아니라 **제가 만든 디스크 배치** 때문입니다. **v0.11.36 에서 고쳤습니다.**

레트일 컴플리트 박스는 게임 데이터를 전부 **디스크 안쪽 LBA 23~27,427** 에 몰아 놓습니다. 그 뒤는 음성(`VOICE2.STR` 320MB)과 무비(`C_MOV0.BIN` 114MB)입니다.

그런데 우리 빌드는 **번역으로 커진 파일을 디스크 맨 끝에 이어 붙였습니다.** 무비 뒤, 240,000번대입니다.

| 파일 | 레트일 LBA | v0.11.35 |
|---|---|---|
| `EX/EX.WAR` | 25,521 | 25,521 (그대로) |
| `EX/E_SCE.BIN` | 26,108 | **242,377** |
| `BMESS4.BIN` | 1,721 | **242,802** |
| `THIRD/3_SCE.BIN` | 26,492 | **241,997** |
| `BMESS3.BIN` | 1,436 | **241,660** |

전투 한 번에 실행파일(`EX.WAR`)과 전투 대사(`BMESS4`)를 번갈아 읽는데 그 둘이 **217,663 섹터** 떨어져 있었습니다. 레트일은 24,387 섹터입니다. PS1 드라이브에서 이건 거의 **풀스트로크 시크**라 한 번에 수백 밀리초가 걸리고, **적 페이즈처럼 전투 대사를 연달아 읽는 구간에서 그 시간이 그대로 쌓입니다.** 말씀하신 "20화 첫 턴 종료 후" 가 정확히 그 구간입니다.

### 고친 방법

재배치되는 파일이 **비우고 간 자리**(합 2,435섹터)를 회수해서 다시 채워 넣습니다. 커진 만큼 300섹터가 모자라는데, `SECOND.WAR` 은 제2차를 시작할 때 한 번 읽는 오버레이라 그것만 끝으로 보내면 나머지 아홉 개가 전부 들어갑니다. (레트일도 트레이닝 모드 오버레이 `TR.WAR` 을 239,719 에 두고 있으니 같은 취급입니다.)

| | v0.11.35 | **v0.11.36** | 레트일 |
|---|---|---|---|
| EX 4개 파일이 흩어진 범위 | 217,663 섹터 | **1,390** | 24,387 |
| 제3차 3개 파일 | 215,170 섹터 | **1,687** | — |

**레트일보다도 촘촘해졌습니다.** 이미지도 5MB 작아집니다.

단독판 3종은 레트일이 원래 데이터를 디스크 뒤쪽에 두어서 이 문제가 없었고, EX 단독판은 오히려 `BMESS4` 와 `E_SCE` 가 76,000 섹터 떨어져 있던 것이 **425 섹터**로 붙었습니다.

### 확인 부탁드립니다

- **20화 첫 턴 종료 뒤 로딩**이 짧아졌는지
- 다른 화 전투 로딩도 체감이 달라졌는지

> 시크가 길어지면 CD-XA 음성/BGM 스트리밍이 끊기면서 **멈춘 것처럼 보이는** 경우도 있습니다. 프리징 제보 일부가 여기 걸려 있었을 가능성도 있으니, v0.11.36 으로 다시 확인해 주시면 큰 도움이 됩니다.

여전히 길다면 그때는 에뮬레이터 설정(CD 읽기 속도 배속, BIOS)도 같이 보겠습니다.

**Comment by snake7594** [comment]
**로딩 문제가 해결됐다는 건 v0.11.36 진단이 맞았다는 뜻이고, 전투 후 프리징은 별개 원인입니다.** 그쪽을 파다가 **개별 문안이 아니라 엔진에 뚫린 구멍**을 찾았습니다. **v0.11.37** 에서 막았습니다.

## `F8` 치환 패딩 루프에 하한 검사가 없습니다

`F8` 은 문장 안에 런타임 값(이름·숫자)을 끼워 넣는 치환 옵코드입니다. 핸들러를 역어셈블하면(EX `0x80069D60`, 네 실행파일 동일):

```
a2 = W          # 폭. 인자>0x80 이면 W = 인자-0x80 으로 스크립트에 박힌다
a1 = 길이        # 실제 치환값 길이. 파라미터 링버퍼에서 런타임에 꺼낸다
v1 = a2 - a1
if (v1 != 0) do { *p++ = 0x00; } while (--v1);    # 빈칸 패딩
v1 = a1;  링버퍼에서 a1 바이트 복사
```

`v1` 이 **부호 없는 32비트**인데 하한 검사가 없습니다. 치환값이 폭보다 길면 `v1` 이 음수가 되어 **2³²−n 번 돌며 RAM 을 0으로 밀어 버립니다.** 그 자리에서 멈춥니다.

#22 의 유닛 개조 프리징이 정확히 이 경로였습니다. 그때는 원인이 된 문안 하나만 고쳤고 **구멍은 그대로 남아 있었습니다.**

### 원본이 검사를 빼먹은 게 맞습니다

근거가 **같은 엔진 안에** 있습니다. 링버퍼에 값을 밀어 넣는 **생산자** 쪽(EX `0x8006C088`)은 똑같은 뺄셈 뒤에 `blez` 로 음수를 막습니다. **소비자만 `beqz`** 입니다.

일본어는 가나가 **반각(1바이트/글자)** 이라 폭을 넘길 일이 드물어 안 드러났을 뿐입니다. 한글은 **전각(2바이트/글자)** 이라 같은 폭에 들어갈 여지가 절반입니다.

### 고친 것

명령 하나의 opcode 필드만 바꿉니다.

```
beqz $v1, <끝>   ->   blez $v1, <끝>      (0x04 -> 0x06)
```

폭이 충분하면 동작이 **완전히 같습니다.** 다르게 도는 건 레트일이었다면 멈췄을 경우뿐이라 잃는 동작이 하나도 없고, 명령 길이가 그대로라 주소도 안 움직입니다. 핸들러가 두 갈래라 실행파일마다 2곳 — CB 4개 + 단독판 3개, 총 14곳입니다.

**아직 제가 못 찾은 것까지 포함해 이 부류 전체를 막는 안전망입니다.**

## 같이 고친 것 — BMESS 외부표

실행파일은 저마다 `BMESS2`/`BMESS3`/`BMESS4` **세 표를 모두** 품고 있는데 자기 게임 것만 갱신돼 있었습니다. 나머지는 죽은 사본이지만, 스테일 표는 **전투 메시지 로드가 블록 중간에서 시작해 전투가 그대로 멈추는** 부류라(트레이닝 모드에서 실제로 겪었습니다) 9개를 전부 갱신해 스테일 표를 하나도 안 남겼습니다.

## 아니라고 밝혀진 것 (같은 데 두 번 안 파려고 적어 둡니다)

- **놓친 대사 포인터 옵코드가 하나 더 있나** — 아닙니다. 아는 7개 형태는 스테일 **0곳**이고 남은 후보는 전부 그림자였습니다(`0x03 op+1` 226곳 = `B9 03` 224곳의 그림자).
- **풀 안 이벤트 스크립트 참조** — 세 게임 전부 스테일 0건.
- **시나리오 구조가 밀렸나** — 레코드 개수·스크립트 길이가 세 게임 전 시나리오에서 레트일과 정확히 같습니다.
- **`SLPS_020.70` 의 BMESS 표가 스테일인 게 문제인가** — 그 파일엔 텍스트 VM 이 아예 없습니다(런처). 무해합니다.

## 확인 부탁드립니다

**v0.11.37 로 EX 20화 전후를 다시 봐 주세요.** 여전히 멈춘다면 이 부류가 아니라는 뜻이고, 그때는 다른 기전을 파야 합니다.

그리고 그때는 **DuckStation 세이브스테이트**(`시스템 > 상태 저장`, `.sav`)를 부탁드립니다. 지난번 올려 주신 건 메모리 카드(`.mcd`)라 세이브 지점만 알 수 있고 **RAM 값을 못 읽습니다.** 대사 짤림의 남은 후보(줄 폭 `[0x22D]`·왼쪽 여백 `[0x22F]` 가 직전 창에서 오염된 채 물려받는 경우)를 확정하려면 그 값이 꼭 필요합니다.

- **멈추기 직전**(예: 전투 끝나고 맵으로 돌아오기 직전)
- 또는 **잘린 대사가 화면에 떠 있는 순간**

둘 중 아무거나 하나면 됩니다.

**Comment by snake7594** [comment]
**찾았습니다. 세이브스테이트 덕분입니다.** v0.11.38 에서 고쳤습니다.

## 원인 — CD 섹터의 EOF 비트

MODE2 섹터에는 2048바이트 데이터 앞에 **8바이트 서브헤더**가 붙고, 셋째 바이트(서브모드)의 비트7(`0x80`)이 **EOF**(파일의 마지막 섹터)입니다. 레트일은 데이터 파일 전 섹터를 `0x08` 로 두고 **마지막 섹터에만 `0x89`** 를 찍습니다.

**`CdRead` 는 EOF 섹터를 만나면 거기서 전송을 끝냅니다.**

그런데 우리 이미지 조립기는 **2048바이트 사용자 데이터만 갈아끼우고 옛 서브헤더를 그대로 뒀습니다.** 그래서 재배치된 파일이 남이 비우고 간 자리를 쓰면 **그 파일이 찍어 둔 EOF 를 물려받아 파일 한가운데에서 읽기가 끊깁니다.**

| 파일 | 섹터 수 | EOF 가 선 위치 | 정상 |
|---|---|---|---|
| `EX/E_SCE.BIN` | 425 | **2, 206** | [424] |
| `BMESS4.BIN` (EX 전투 대사) | 382 | **2** | [381] |
| `BMESS3.BIN` | 337 | **2** | [336] |
| `BMESS2.BIN` | 358 | **302** | [357] |
| `SECOND/2_SCE.BIN` | 249 | **229** | [248] |
| `E_DEAD`·`2_DEAD`·`3_DEAD`·`3_SCE`·`SECOND.WAR` | — | **없음** | 마지막 |

`E_SCE` 2번째 섹터의 EOF 는 **옛 `SECOND/2_DEAD.BIN` 의 마지막 섹터 플래그**입니다 — v0.11.36 에서 시크 거리를 줄이려 E_SCE 를 그 자리로 옮긴 결과입니다. 그 전 판들도 무사하지 않았습니다. 디스크 끝에 이어 붙이던 시절엔 **마지막 섹터에 EOF 가 없어서** 같은 부류로 깨져 있었습니다. **그래서 v0.11.35·36·37 증상이 똑같았던 겁니다.**

## 어떻게 확정했나

올려 주신 상태 저장에서 2MB RAM 을 꺼내 읽었습니다.

```
PC        0x800F5FF8   VSync 대기 루프
호출 사슬  main -> 0x80062B34 (스크립트 인터프리터) -> VSync 대기
gp+0x28C  0            옵코드 인덱스
gp+0x288  0x80199579   스크립트 바이트 포인터
```

옵코드표 `[0x00]` = 기본 핸들러 `0x800628D0` = `return 0x8000` → 카테고리 8 = **다음 프레임까지 양보**. 즉 스크립트가 **아무것도 안 하고 양보만 무한 반복**합니다. 메인 루프는 살아 있으니 음악은 나고, **커서와 입력은 전부 스크립트가 구동**하므로 같이 죽습니다.

`0x80199579` 가 가리키는 곳은 **0 만 있는 빈 힙**이었습니다. 시나리오를 대조하니

```
sc23  RAM 0x8019141C   11,943 / 11,943 바이트 일치   (완전히 로드됨)
sc24  RAM 0x801943D4   앞 0x49 바이트만 있고 나머지 전부 0   ← 읽다 끊김
```

90초 뒤 슬롯 5 와 비교하니 스크립트 포인터가 `0x80199579 → 0x8019AACD` 로 **프레임당 1바이트씩 기어가고** 있었고 서브콜 깊이도 `3 → 8` 로 자라고 있었습니다. 회복 불가능한 상태입니다.

부팅 때 캐시하는 **CD 파일표 30개는 LBA·크기 전부 우리 이미지와 정확히 일치**했습니다. 위치는 맞는데 **읽기가 중간에 끊긴** 것이었습니다.

## 수정

조립기가 섹터를 쓸 때 서브헤더를 항상 다시 씁니다.

```python
sec[0x10:0x18] = bytes([0, 0, 0x89 if i == n - 1 else 0x08, 0]) * 2
rebuild_mode2_form1(sec)     # EDC 는 0x10(서브헤더)부터 계산한다
```

게이트 `audit/verify_submode.py` 를 빌드에 넣었습니다. **레트일 네 이미지(CB·제2차·제3차·EX) 전부 위반 0** 이라는 것이 이게 진짜 규약이라는 보증입니다. v0.11.37 은 10개 파일 위반, v0.11.38 은 0 입니다.

## 확인 부탁드립니다

**막혀 계신 그 지점**에서 v0.11.38 로 다시 해 주세요. 세이브 데이터는 그대로 쓰시면 됩니다.

전투 대사 아카이브(`BMESS2/3/4`)도 전부 같은 문제였으니, **다른 프리징 제보들도 이번 판으로 함께 사라질 가능성이 큽니다.**

**Comment by snake7594** [comment]
## 정정 — v0.11.38 은 원인이 아니었습니다

**제가 성급했습니다.** v0.11.38 에서도 볼크루스 전투 후 같은 증상이 난다는 제보를 받고, 그 순간의 상태 저장을 다시 읽었습니다.

```
미디어 경로   ...Korean v0.11.38 (Track 1).cue      ← 고친 판이 맞습니다
gp+0x28C     0                                      옵코드 인덱스
gp+0x288     0x8049A2E3                             ★ 2MB RAM 범위 밖
gp+0x2A8     8                                      서브콜 깊이
PC           0x800F5FB0                             인터프리터 안 VSync 대기
```

**증상이 완전히 동일합니다.** 스크립트 포인터가 쓰레기 주소로 굴러떨어져 옵코드 0(기본 핸들러)만 읽고 매 프레임 양보만 반복합니다.

### 무엇이 틀렸나

1. **EOF 비트는 원인이 아닐 가능성이 큽니다.** 조사에서 확인된 바로 이 게임의 CD 모드 바이트는 `0x80`(더블스피드) 뿐이고 AutoPause·서브헤더 필터가 꺼져 있습니다 — 즉 **드라이브가 EOF 비트를 보지 않습니다.** 수정 자체는 레트일 규약(레트일 네 이미지 위반 0)을 되돌린 것이라 그대로 두지만, **이 증상의 원인이라고 한 것은 제 잘못입니다.**

2. **"sc24 가 잘려서 73바이트만 로드됐다"는 것도 제 오독이었습니다.** 검산해 보니 sc23 은 파일 오프셋 286,992(섹터 140+272)에서 시작해 섹터 140~145 를 읽는데, **sc24 는 그 마지막 섹터의 뒤쪽 72바이트에 걸쳐 있습니다.** 즉 그 73바이트는 sc23 읽기의 **자연스러운 잔여분**이지 절단이 아니었습니다. 숫자가 우연히 맞아떨어져 제가 확증편향에 빠졌습니다.

### 지금까지 확실한 것

- 스크립트 인터프리터(`0x80062B34`)의 **스크립트 포인터가 유효 범위를 벗어난다.** 이게 증상의 직접 원인입니다.
- 서브콜 스택 8단 중 `[3]` 이 **sc23 스크립트 영역 안**(0x80191638 = sc23+0x21C)이므로 시나리오 스크립트까지는 정상 실행됐습니다.
- 마지막 유효 프레임 `[7]` 은 EX.WAR `0x8001705D` 이고, **거기서 부른 대상이 RAM 밖**입니다.
- 그 자리의 EX.WAR 바이트는 레트일과 **동일**합니다. 서브콜 복귀 주소 8개 전부 우리 변경 구간 밖입니다.
- 다만 EX.WAR 의 `0x80015663~0x80018F96` 구간은 **텍스트 레코드와 IP 스크립트가 섞여 있고**, 우리가 거기서 3,809바이트를 제자리 교체했습니다. 이쪽이 남은 유력 후보입니다.

### 다음 단계 — 추적 빌드

추측을 끝내려면 **어디서 튀는지 직접 기록**해야 합니다. 스크립트 호출·점프 옵코드 세 개(`0x80062E68` / `0x80062EC8` / `0x80062F38`)에 **직전 전이(출발지 → 목적지)를 링버퍼에 남기는 코드**를 심은 진단용 빌드를 만들 수 있습니다. 그걸로 멈춘 뒤 상태 저장을 한 번만 더 주시면, **마지막 정상 스크립트 위치와 잘못된 점프**가 그대로 찍힙니다.

만들어 드릴까요? 게임 동작은 그대로이고 로그만 남습니다.

**Comment by snake7594** [comment]
## 잡았습니다 — v0.11.39

**원인: 포인터 재조준기가 스크립트 옵코드를 덮어썼습니다.**

이벤트 스크립트에는 `F0 00 <변위16>` 4바이트 명령(공통 서브루틴 호출)이 아주 많습니다. 그 **변위 바이트가 우연히 대사 포인터 옵코드처럼 보이면**, 스캐너가 그 자리를 옵코드로 인정하고 **옵코드+2 = 다음 명령**을 변위로 덮어썼습니다.

```
레트일     f0 00 b6 00 | b9 02 63 7a       `b6 00` 은 F0 의 변위
v0.11.38   f0 00 b6 00 | 73 03 63 7a       B9 02 옵코드가 사라졌다
```

하필 레트일 변위 `0x02B9` 가 **레코드 시작을 정확히 겨눠서** 재조준기의 안전 필터도 통과했습니다. 그래서 지금까지 어떤 검사에도 안 걸렸습니다.

| | 훼손된 자리 |
|---|---|
| EX | **6곳** — sc1 · **sc23** · sc25 ×2 · sc43 ×2 |
| 제3차 | **2곳** — sc36 · sc50 |
| 제2차 | 0곳 |

**EX sc23 이 볼크루스 전투 시나리오입니다.**

### 어떻게 잡았나

정적 분석으로는 열한 개 가설을 전부 반증하고도 못 잡았습니다. 그래서 인터프리터 디스패처(`0x80062B5C`)에 훅을 걸어 **스크립트 포인터가 크게 움직일 때마다 (출발 → 목적 · 서브콜 깊이 · 옵코드)를 링버퍼에 남기는 진단 빌드**를 만들었고, 멈춘 뒤 세이브스테이트에서 읽었습니다.

```
#28387  sc23+0x1811 -> sc23+0x1A15   (스크립트, 정상)
#28388  sc23+0x1A15 -> 0x8019AA82    ★ sc23 끝을 26,559바이트 넘어감
#28389~ 옵코드 0x00 만 읽으며 프레임당 1바이트씩 기어감
```

옵코드 `0x00` 은 기본 핸들러로 가서 `return 0x8000` = **다음 프레임까지 양보**만 합니다. 커서와 입력은 **전부 스크립트가 구동**하므로 같이 죽고, 메인 루프는 살아 있어 음악은 계속 납니다 — 제보하신 증상 그대로입니다.

### 수정과 게이트

`iter_pointer_sites` 가 **`F0 00` 뒤 2바이트(변위 자리)에서 시작하는 후보를 인정하지 않습니다.** 재배치기와 재조준기가 같은 함수를 쓰므로 두 경로가 함께 고쳐집니다. 수정 후 `sc23 블록+0x1BFC` 는 레트일과 **바이트까지 동일**합니다.

게이트 `audit/verify_sce_script.py` 를 넣었습니다 — *"스크립트 구간에서 레트일과 달라질 수 있는 바이트는 대사 포인터의 2바이트 피연산자뿐"*. v0.11.38 에서 **15건 실패**, v0.11.39 통과입니다.

### 확인 부탁드립니다

**볼크루스 전투를 다시** 해 주세요. 세이브 데이터 그대로 쓰시면 됩니다.

`sc1`(EX 1화)·`sc25`·`sc43`·제3차 `sc36`·`sc50` 도 같은 훼손이 있었으니 **그 화들의 다른 이상 증상도 함께 사라질 가능성이 큽니다.**

세이브스테이트를 세 번 떠 주신 덕분에 잡았습니다. 감사합니다.

**Comment by snake7594** [comment]
원인을 확정하고 **v0.11.39** 에서 고쳐 닫습니다.

올려 주신 세이브스테이트 세 개가 결정적이었습니다 — RAM 을 직접 읽어 스크립트 포인터가 탈선한 것을 확인했고, 인터프리터 디스패처에 **제어흐름 추적**을 심어 튀는 순간(`sc23+0x1A15`)을 정확히 집었습니다.

**v0.11.39 로 볼크루스 전투를 다시 해 보시고, 그래도 멈추면 이 이슈를 다시 열어 주세요.**
